<?xml version="1.0" encoding="UTF-8"?>
<testng-results ignored="0" total="1" passed="1" failed="0" skipped="0">
  <reporter-output>
  </reporter-output>
  <suite started-at="2024-05-08T12:53:38 IST" name="Surefire suite" finished-at="2024-05-08T12:53:38 IST" duration-ms="26">
    <groups>
    </groups>
    <test started-at="2024-05-08T12:53:38 IST" name="Surefire test" finished-at="2024-05-08T12:53:38 IST" duration-ms="26">
      <class name="com.demo.TestHelloWorld">
        <test-method signature="testHelloWorld()[pri:0, instance:com.demo.TestHelloWorld@b59d31]" started-at="2024-05-08T12:53:38 IST" name="testHelloWorld" finished-at="2024-05-08T12:53:38 IST" duration-ms="3" status="PASS">
          <reporter-output>
          </reporter-output>
        </test-method> <!-- testHelloWorld -->
      </class> <!-- com.demo.TestHelloWorld -->
    </test> <!-- Surefire test -->
  </suite> <!-- Surefire suite -->
</testng-results>
