<?xml version="1.0" encoding="UTF-8"?>
<testng-results ignored="0" total="1" passed="1" failed="0" skipped="0">
  <reporter-output>
  </reporter-output>
  <suite started-at="2024-05-08T12:47:29 IST" name="Default suite" finished-at="2024-05-08T12:47:29 IST" duration-ms="40">
    <groups>
    </groups>
    <test started-at="2024-05-08T12:47:29 IST" name="Default test" finished-at="2024-05-08T12:47:29 IST" duration-ms="40">
      <class name="com.demo.one">
        <test-method signature="first()[pri:0, instance:com.demo.one@60d8c9b7]" started-at="2024-05-08T12:47:29 IST" name="first" finished-at="2024-05-08T12:47:29 IST" duration-ms="7" status="PASS">
          <reporter-output>
          </reporter-output>
        </test-method> <!-- first -->
      </class> <!-- com.demo.one -->
    </test> <!-- Default test -->
  </suite> <!-- Default suite -->
</testng-results>
